<?xml version="1.0" encoding="UTF-8"?>
<!-- Generated by org.testng.reporters.JUnitReportReporter -->
<testsuite hostname="mugundhan-Vostro-2520" failures="0" tests="1" name="uitest.BasePageTest" time="0.178" errors="0" timestamp="2022-05-13T02:38:03 IST" skipped="0">
  <testcase classname="uitest.BasePageTest" name="verifyHomePage" time="0.178"/>
  <system-out/>
</testsuite> <!-- uitest.BasePageTest -->
