<?xml version="1.0" encoding="UTF-8"?>
<!-- Generated by org.testng.reporters.JUnitReportReporter -->
<testsuite hostname="mugundhan-Vostro-2520" failures="0" tests="1" name="Precondition" time="1.150" errors="0" timestamp="2022-05-13T05:57:59 IST" skipped="0">
  <testcase classname="Precondition" name="LoadProperties" time="1.150"/>
  <system-out/>
</testsuite> <!-- Precondition -->
